<?xml version="1.0" encoding="UTF-8"?>
<!-- Generated by org.testng.reporters.JUnitReportReporter -->
<testsuite skipped="0" hostname="hp" name="Jenkins.JenkinsTest" tests="1" failures="0" timestamp="11 Jul 2018 07:34:58 GMT" time="90.214" errors="0">
  <testcase name="test1" time="90.214" classname="Jenkins.JenkinsTest"/>
</testsuite> <!-- Jenkins.JenkinsTest -->
